[2023-03-16T14:08:26.548516+01:00] PHP_BASICS.INFO: INSERT INTO tasks (description) VALUES (?) [] []
[2023-03-16T14:08:26.569017+01:00] PHP_BASICS.INFO: SELECT * FROM tasks [] []
[2023-03-16T14:17:23.151280+01:00] PHP_BASICS.INFO: SELECT * FROM tasks [] []
[2023-03-16T14:17:23.504777+01:00] PHP_BASICS.INFO: SELECT * FROM tasks [] []
[2023-03-16T14:30:19.083017+01:00] PHP_BASICS.INFO: SELECT * FROM tasks [] []
[2023-03-16T14:30:19.203339+01:00] PHP_BASICS.INFO: SELECT * FROM tasks [] []
[2023-03-16T14:30:19.368930+01:00] PHP_BASICS.INFO: SELECT * FROM tasks [] []
[2023-03-16T14:30:19.504011+01:00] PHP_BASICS.INFO: SELECT * FROM tasks [] []
[2023-03-16T14:30:19.648193+01:00] PHP_BASICS.INFO: SELECT * FROM tasks [] []
[2023-03-16T14:30:21.659148+01:00] PHP_BASICS.INFO: UPDATE tasks SET completed = ? WHERE id = 64 [] []
[2023-03-16T14:30:21.687803+01:00] PHP_BASICS.INFO: SELECT * FROM tasks [] []
[2023-03-16T14:30:21.963438+01:00] PHP_BASICS.INFO: UPDATE tasks SET completed = ? WHERE id = 64 [] []
[2023-03-16T14:30:22.004721+01:00] PHP_BASICS.INFO: SELECT * FROM tasks [] []
[2023-03-16T14:30:22.244175+01:00] PHP_BASICS.INFO: UPDATE tasks SET completed = ? WHERE id = 64 [] []
[2023-03-16T14:30:22.276617+01:00] PHP_BASICS.INFO: SELECT * FROM tasks [] []
[2023-03-16T14:30:23.268120+01:00] PHP_BASICS.INFO: SELECT * FROM tasks WHERE completed = 1 [] []
[2023-03-16T14:30:23.725609+01:00] PHP_BASICS.INFO: SELECT * FROM tasks WHERE completed = 0 [] []
[2023-03-16T14:30:24.558781+01:00] PHP_BASICS.INFO: SELECT * FROM tasks [] []
[2023-03-16T14:30:25.702175+01:00] PHP_BASICS.INFO: UPDATE tasks SET completed = ? WHERE id = 64 [] []
[2023-03-16T14:30:25.734872+01:00] PHP_BASICS.INFO: SELECT * FROM tasks [] []
[2023-03-16T14:30:26.846162+01:00] PHP_BASICS.INFO: SELECT * FROM tasks WHERE completed = 0 [] []
[2023-03-16T14:30:28.183159+01:00] PHP_BASICS.INFO: DELETE FROM tasks WHERE id = 64 [] []
[2023-03-16T14:30:28.212410+01:00] PHP_BASICS.INFO: SELECT * FROM tasks WHERE completed = 0 [] []
[2023-03-16T14:30:29.442347+01:00] PHP_BASICS.INFO: SELECT * FROM tasks [] []
